<?xml version="1.0" encoding="UTF-8" ?>
<testsuite failures="0" time="26.661" errors="0" skipped="0" tests="16" name="customer.retail.RunCustomerTypeTest">
  <properties>
[...]
</properties>
  <testcase time="0.02" classname="Scenario: type of customer" name="Given Customer is with Tesco from 12 years"/>
  <testcase time="0.001" classname="Scenario: type of customer" name="When Customer spend more than 12000"/>
  <testcase time="0" classname="Scenario: type of customer" name="Then Customer is Diamond type"/>
  <testcase time="0.001" classname="Scenario: type of customer" name="Scenario: type of customer"/>
  <testcase time="0" classname="Scenario: type of customer" name="Given Customer is with Tesco from 12 years"/>
  <testcase time="0" classname="Scenario: type of customer" name="When Customer spend more than 1200"/>
  <testcase time="0" classname="Scenario: type of customer" name="Then Customer is Gold type"/>
  <testcase time="0" classname="Scenario: type of customer" name="Scenario: type of customer"/>
  <testcase time="0" classname="Scenario: type of customer" name="Given Customer is with Tesco from 5 years"/>
  <testcase time="0" classname="Scenario: type of customer" name="When Customer spend more than 3000"/>
  <testcase time="0" classname="Scenario: type of customer" name="Then Customer is Silver type"/>
  <testcase time="0" classname="Scenario: type of customer" name="Scenario: type of customer"/>
  <testcase time="0" classname="Scenario: type of customer" name="Given Customer is with Tesco from 3 years"/>
  <testcase time="0" classname="Scenario: type of customer" name="When Customer spend more than 1200"/>
  <testcase time="0" classname="Scenario: type of customer" name="Then Customer is Bronze type"/>
  <testcase time="0.001" classname="Scenario: type of customer" name="Scenario: type of customer"/>
</testsuite>